<?xml version="1.0" encoding="UTF-8"?>
<!-- Generated by org.testng.reporters.JUnitReportReporter -->
<testsuite hostname="Lenovo" name="org.tcs.test.Newone.App" tests="2" failures="0" timestamp="20 Aug 2019 10:46:31 GMT" time="3.552" errors="0">
  <testcase name="logica" time="1.012" classname="org.tcs.test.Newone.App"/>
  <testcase name="logicb" time="2.540" classname="org.tcs.test.Newone.App"/>
</testsuite> <!-- org.tcs.test.Newone.App -->
