<?xml version="1.0" encoding="UTF-8"?>
<!-- Generated by org.testng.reporters.JUnitReportReporter -->
<testsuite hostname="Lenovo" name="org.tcs.test.Newone.testn1" tests="1" failures="0" timestamp="21 Aug 2019 06:20:50 GMT" time="28.872" errors="0">
  <testcase name="logic1" time="28.872" classname="org.tcs.test.Newone.testn1"/>
</testsuite> <!-- org.tcs.test.Newone.testn1 -->
