<?xml version="1.0" encoding="UTF-8"?>
<!-- Generated by org.testng.reporters.JUnitReportReporter -->
<testsuite hostname="Lenovo" name="org.tcs.test.Newone.testn" tests="1" failures="0" timestamp="21 Aug 2019 06:20:50 GMT" time="31.709" errors="0">
  <testcase name="logic" time="31.709" classname="org.tcs.test.Newone.testn"/>
</testsuite> <!-- org.tcs.test.Newone.testn -->
